2023-08-26 02:21:42,667 - __main__ - INFO - Received signal to exit. Stopping the bot...
2023-08-26 02:21:44,555 - __main__ - INFO - Bot started.
2023-08-26 02:22:34,413 - __main__ - INFO - Received signal to exit. Stopping the bot...
2023-08-26 02:22:35,584 - __main__ - INFO - Bot started.
2023-08-26 02:23:40,025 - __main__ - INFO - Received signal to exit. Stopping the bot...
2023-08-26 02:23:41,227 - __main__ - INFO - Bot started.
2023-08-26 02:24:30,360 - __main__ - INFO - Received signal to exit. Stopping the bot...
2023-08-26 02:24:33,230 - __main__ - INFO - Bot started.
2023-08-26 02:24:58,422 - __main__ - INFO - Received signal to exit. Stopping the bot...
2023-08-26 02:24:59,634 - __main__ - INFO - Bot started.
2023-08-26 02:26:34,595 - __main__ - INFO - Received signal to exit. Stopping the bot...
2023-08-26 02:26:38,913 - __main__ - INFO - Bot started.
2023-08-26 02:27:39,050 - __main__ - INFO - Received signal to exit. Stopping the bot...
2023-08-26 02:27:40,644 - __main__ - INFO - Bot started.
2023-08-26 02:28:05,469 - __main__ - INFO - Received signal to exit. Stopping the bot...
2023-08-26 02:28:11,956 - __main__ - INFO - Bot started.
2023-08-26 02:29:04,301 - __main__ - INFO - Received signal to exit. Stopping the bot...
2023-08-26 02:29:05,995 - __main__ - INFO - Bot started.
2023-08-26 02:31:03,584 - __main__ - INFO - Received signal to exit. Stopping the bot...
2023-08-26 02:31:04,802 - __main__ - INFO - Bot started.
2023-08-26 02:31:06,992 - app.utils.utils - ERROR - unsupported operand type(s) for |: 'str' and 'NoneType'
2023-08-26 02:31:06,992 - app.handlers.command_handler - ERROR - 'NoneType' object is not subscriptable
2023-08-26 02:31:52,957 - __main__ - INFO - Received signal to exit. Stopping the bot...
2023-08-26 02:31:54,062 - __main__ - INFO - Bot started.
2023-08-26 02:32:55,872 - __main__ - INFO - Received signal to exit. Stopping the bot...
2023-08-26 02:38:49,630 - __main__ - INFO - Bot started.
2023-08-26 02:43:50,019 - __main__ - INFO - Received signal to exit. Stopping the bot...
2023-08-26 02:43:51,088 - __main__ - INFO - Bot started.
2023-08-26 02:44:50,937 - __main__ - INFO - Received signal to exit. Stopping the bot...
2023-08-26 02:44:52,249 - __main__ - INFO - Bot started.
2023-08-26 02:45:07,654 - __main__ - INFO - Received signal to exit. Stopping the bot...
2023-08-26 02:45:25,481 - __main__ - INFO - Bot started.
2023-08-26 02:45:27,998 - app.utils.utils - ERROR - list.append() takes exactly one argument (2 given)
2023-08-26 02:45:27,998 - app.handlers.command_handler - ERROR - 'NoneType' object is not subscriptable
2023-08-26 02:46:37,114 - __main__ - INFO - Received signal to exit. Stopping the bot...
2023-08-26 02:46:38,091 - __main__ - INFO - Bot started.
2023-08-26 02:47:52,748 - __main__ - INFO - Received signal to exit. Stopping the bot...
2023-08-26 02:47:53,858 - __main__ - INFO - Bot started.
2023-08-26 02:47:57,311 - app.utils.utils - ERROR - sequence item 0: expected str instance, list found
2023-08-26 02:47:57,311 - app.handlers.command_handler - ERROR - 'NoneType' object is not subscriptable
2023-08-26 02:48:23,211 - __main__ - INFO - Received signal to exit. Stopping the bot...
2023-08-26 02:48:25,626 - __main__ - INFO - Bot started.
2023-08-26 02:48:28,017 - app.utils.utils - ERROR - sequence item 0: expected str instance, list found
2023-08-26 02:48:28,017 - app.handlers.command_handler - ERROR - 'NoneType' object is not subscriptable
2023-08-26 02:49:31,111 - __main__ - INFO - Received signal to exit. Stopping the bot...
2023-08-26 02:49:32,109 - __main__ - INFO - Bot started.
2023-08-26 02:50:07,829 - __main__ - INFO - Received signal to exit. Stopping the bot...
2023-08-26 02:50:08,703 - __main__ - INFO - Bot started.
2023-08-26 02:51:38,235 - __main__ - INFO - Received signal to exit. Stopping the bot...
2023-08-26 02:54:46,990 - __main__ - INFO - Bot started.
2023-08-26 02:57:52,010 - __main__ - INFO - Received signal to exit. Stopping the bot...
2023-08-26 02:57:53,793 - __main__ - INFO - Bot started.
2023-08-26 03:00:26,406 - __main__ - INFO - Received signal to exit. Stopping the bot...
2023-08-26 03:00:27,664 - __main__ - INFO - Bot started.
2023-08-26 03:01:05,512 - __main__ - INFO - Received signal to exit. Stopping the bot...
2023-08-26 03:01:07,034 - __main__ - INFO - Bot started.
2023-08-26 03:02:12,104 - __main__ - INFO - Received signal to exit. Stopping the bot...
2023-08-26 03:02:12,104 - __main__ - INFO - Received signal to exit. Stopping the bot...
2023-08-26 03:02:13,254 - __main__ - INFO - Bot started.
2023-08-26 03:09:26,522 - __main__ - INFO - Received signal to exit. Stopping the bot...
2023-08-26 03:09:30,461 - __main__ - INFO - Bot started.
2023-08-26 03:10:10,697 - __main__ - INFO - Received signal to exit. Stopping the bot...
2023-08-26 03:10:14,116 - __main__ - INFO - Bot started.
2023-08-26 03:11:07,801 - __main__ - INFO - Received signal to exit. Stopping the bot...
